{"level":"info","message":"Returning all users"}
{"level":"info","message":"Authtoken middleware: No token provided, status code: 401 next function: function next(err) {\n    // signal to exit route\n    if (err && err === 'route') {\n      return done();\n    }\n\n    // signal to exit router\n    if (err && err === 'router') {\n      return done(err)\n    }\n\n    // max sync stack\n    if (++sync > 100) {\n      return setImmediate(next, err)\n    }\n\n    var layer = stack[idx++]\n\n    // end of layers\n    if (!layer) {\n      return done(err)\n    }\n\n    if (layer.method && layer.method !== method) {\n      next(err)\n    } else if (err) {\n      layer.handle_error(err, req, res, next);\n    } else {\n      layer.handle_request(req, res, next);\n    }\n\n    sync = 0\n  }","timestamp":"2022-11-12T22:57:23.212Z"}
{"level":"info","message":"Authtoken middleware: No token provided, status code: 401 next function: next","timestamp":"2022-11-12T23:01:58.325Z"}
{"level":"info","message":"Authtoken middleware: Status code: 403, token verification error, Error: TokenExpiredError: jwt expired","timestamp":"2022-11-12T23:03:39.914Z"}
{"level":"info","message":"Authtoken middleware: Status code: 403, token verification error, Error: TokenExpiredError: jwt expired","timestamp":"2022-11-13T00:36:29.481Z"}
{"level":"error","message":"error changing email. Error TypeError: Cannot set properties of null (setting 'email')","timestamp":"2022-11-13T00:41:00.861Z"}
{"level":"info","message":"Authtoken middleware: Status code: 403, token verification error, Error: TokenExpiredError: jwt expired","timestamp":"2022-11-13T00:43:09.254Z"}
{"level":"error","message":"get all user error, err: TypeORMError: You can use getMongoRepository only for MongoDB connections.","timestamp":"2022-11-13T01:17:17.861Z"}
{"level":"error","message":"get all user error, err: QueryFailedError: column \"firstname\" does not exist","timestamp":"2022-11-13T01:17:40.642Z"}
{"level":"error","message":"get all user error, err: QueryFailedError: OFFSET must not be negative","timestamp":"2022-11-13T01:23:46.735Z"}
{"level":"error","message":"get all user error, err: QueryFailedError: column \"firstname\" does not exist","timestamp":"2022-11-13T01:24:15.663Z"}
{"level":"error","message":"get all user error, err: QueryFailedError: invalid input syntax for type boolean: \"%undefined%\"","timestamp":"2022-11-13T01:31:59.685Z"}
{"level":"error","message":"get all user error, err: QueryFailedError: invalid input syntax for type boolean: \"%undefined%\"","timestamp":"2022-11-13T01:32:09.788Z"}
{"level":"error","message":"get all user error, err: QueryFailedError: invalid input syntax for type boolean: \"%undefined%\"","timestamp":"2022-11-13T01:32:23.457Z"}
{"level":"error","message":"get all user error, err: QueryFailedError: invalid input syntax for type boolean: \"%true%\"","timestamp":"2022-11-13T01:32:45.487Z"}
{"level":"error","message":"get all user error, err: QueryFailedError: invalid input syntax for type boolean: \"%true%\"","timestamp":"2022-11-13T01:32:46.420Z"}
{"level":"error","message":"get all user error, err: QueryFailedError: invalid input syntax for type boolean: \"%NaN%\"","timestamp":"2022-11-13T01:33:26.099Z"}
{"level":"error","message":"get all user error, err: QueryFailedError: invalid input syntax for type boolean: \"%NaN%\"","timestamp":"2022-11-13T01:33:26.492Z"}
{"level":"error","message":"get all user error, err: QueryFailedError: invalid input syntax for type boolean: \"%1%\"","timestamp":"2022-11-13T01:34:34.659Z"}
{"level":"error","message":"get all user error, err: QueryFailedError: invalid input syntax for type boolean: \"%1%\"","timestamp":"2022-11-13T01:34:35.674Z"}
{"level":"error","message":"get all user error, err: QueryFailedError: invalid input syntax for type boolean: \"%true%\"","timestamp":"2022-11-13T01:38:19.909Z"}
{"level":"error","message":"get all user error, err: QueryFailedError: syntax error at or near \"AND\"","timestamp":"2022-11-13T01:48:24.472Z"}
{"level":"error","message":"error getting user with. error, err: QueryFailedError: invalid input syntax for type integer: \"NaN\"","timestamp":"2022-11-13T01:57:18.784Z"}
{"level":"error","message":"get all user error, err: QueryFailedError: invalid input syntax for type boolean: \"3\"","timestamp":"2022-11-13T02:12:52.935Z"}
{"level":"error","message":"get all user error, err: QueryFailedError: invalid input syntax for type boolean: \"9\"","timestamp":"2022-11-13T02:27:50.531Z"}
{"level":"error","message":"get all user error, err: QueryFailedError: invalid input syntax for type boolean: \"2\"","timestamp":"2022-11-13T02:27:55.506Z"}
{"level":"error","message":"get all user error, err: QueryFailedError: invalid input syntax for type boolean: \"-1\"","timestamp":"2022-11-13T02:27:58.395Z"}
{"level":"error","message":"get all user error, err: QueryFailedError: invalid input syntax for type boolean: \"2\"","timestamp":"2022-11-13T02:29:57.209Z"}
{"level":"error","message":"Internal server error, Error: QueryFailedError: syntax error at or near \":\"","timestamp":"2022-11-13T03:10:00.182Z"}
{"level":"error","message":"Internal server error, Error: QueryFailedError: column book.descriptions does not exist","timestamp":"2022-11-13T03:10:24.269Z"}
{"level":"error","message":"Internal server error, Error: QueryFailedError: column book.reviews does not exist","timestamp":"2022-11-13T03:11:26.592Z"}
{"level":"error","message":"Internal server error, Error: QueryFailedError: column book.reviews does not exist","timestamp":"2022-11-13T03:11:27.069Z"}
{"level":"error","message":"Internal server error, Error: TypeORMError: \"question\" alias was not found. Maybe you forgot to join it?","timestamp":"2022-11-13T03:18:45.768Z"}
{"level":"error","message":"Internal server error, Error: TypeORMError: \"question\" alias was not found. Maybe you forgot to join it?","timestamp":"2022-11-13T03:18:46.698Z"}
{"level":"error","message":"Internal server error, Error: TypeORMError: \"question\" alias was not found. Maybe you forgot to join it?","timestamp":"2022-11-13T03:18:48.748Z"}
{"level":"error","message":"Internal server error on get all books, Error: QueryFailedError: column book.userid does not exist","timestamp":"2022-11-13T03:22:23.992Z"}
